build/app/intermediates/manifest_merge_blame_file/debug/manifest-merger-blame-debug-report.txt
1<?xml version="1.0" encoding="utf-8"?>
2<manifest xmlns:android="http://schemas.android.com/apk/res/android"
3    package="edu.hm.cs.tape.bbb_app"
4    android:versionCode="8"
5    android:versionName="0.2.6" >
6
7    <uses-sdk
8        android:minSdkVersion="23"
9        android:targetSdkVersion="29" />
10    <!--
11         Flutter needs it to communicate with the running application
12         to allow setting breakpoints, to provide hot reload, etc.
13    -->
14    <uses-permission android:name="android.permission.INTERNET" />
14-->src/main/AndroidManifest.xml:17:5-67
14-->src/main/AndroidManifest.xml:17:22-64
15    <!--
16     io.flutter.app.FlutterApplication is an android.app.Application that
17         calls FlutterMain.startInitialization(this); in its onCreate method.
18         In most cases you can leave this as-is, but you if you want to provide
19         additional functionality it is fine to subclass or reimplement
20         FlutterApplication and put your custom class here.
21    -->
22    <uses-feature android:name="android.hardware.camera" />
22-->src/main/AndroidManifest.xml:10:5-60
22-->src/main/AndroidManifest.xml:10:19-57
23    <uses-feature android:name="android.hardware.camera.autofocus" />
23-->src/main/AndroidManifest.xml:11:5-70
23-->src/main/AndroidManifest.xml:11:19-67
24
25    <uses-permission android:name="android.permission.CAMERA" />
25-->src/main/AndroidManifest.xml:12:5-65
25-->src/main/AndroidManifest.xml:12:22-62
26    <uses-permission android:name="android.permission.RECORD_AUDIO" />
26-->src/main/AndroidManifest.xml:13:5-71
26-->src/main/AndroidManifest.xml:13:22-68
27    <uses-permission android:name="android.permission.ACCESS_NETWORK_STATE" />
27-->src/main/AndroidManifest.xml:14:5-79
27-->src/main/AndroidManifest.xml:14:22-76
28    <uses-permission android:name="android.permission.CHANGE_NETWORK_STATE" />
28-->src/main/AndroidManifest.xml:15:5-79
28-->src/main/AndroidManifest.xml:15:22-76
29    <uses-permission android:name="android.permission.MODIFY_AUDIO_SETTINGS" />
29-->src/main/AndroidManifest.xml:16:5-80
29-->src/main/AndroidManifest.xml:16:22-77
30    <uses-permission android:name="android.permission.FOREGROUND_SERVICE" />
30-->src/main/AndroidManifest.xml:18:5-76
30-->src/main/AndroidManifest.xml:18:22-74
31    <uses-permission android:name="android.permission.RECEIVE_BOOT_COMPLETED" />
31-->src/main/AndroidManifest.xml:19:5-81
31-->src/main/AndroidManifest.xml:19:22-78
32
33    <application
33-->src/main/AndroidManifest.xml:21:5-70:19
34        android:appComponentFactory="androidx.core.app.CoreComponentFactory"
34-->[androidx.core:core:1.6.0] AndroidManifest.xml:24:18-86
35        android:debuggable="true"
36        android:icon="@mipmap/ic_launcher"
36-->src/main/AndroidManifest.xml:23:9-43
37        android:label="BBB" >
37-->src/main/AndroidManifest.xml:22:9-28
38        <activity
38-->src/main/AndroidManifest.xml:25:9-62:20
39            android:name="edu.hm.cs.tape.bbb_app.MainActivity"
39-->src/main/AndroidManifest.xml:26:13-41
40            android:configChanges="orientation|keyboardHidden|keyboard|screenSize|smallestScreenSize|locale|layoutDirection|fontScale|screenLayout|density|uiMode"
40-->src/main/AndroidManifest.xml:29:13-163
41            android:hardwareAccelerated="true"
41-->src/main/AndroidManifest.xml:30:13-47
42            android:launchMode="singleTop"
42-->src/main/AndroidManifest.xml:27:13-43
43            android:theme="@style/LaunchTheme"
43-->src/main/AndroidManifest.xml:28:13-47
44            android:windowSoftInputMode="adjustResize" >
44-->src/main/AndroidManifest.xml:31:13-55
45
46            <!--
47                 Specifies an Android theme to apply to this Activity as soon as
48                 the Android process has started. This theme is visible to the user
49                 while the Flutter UI initializes. After that, this theme continues
50                 to determine the Window background behind the Flutter UI.
51            -->
52            <meta-data
52-->src/main/AndroidManifest.xml:36:13-39:17
53                android:name="io.flutter.embedding.android.NormalTheme"
53-->src/main/AndroidManifest.xml:37:15-70
54                android:resource="@style/NormalTheme" />
54-->src/main/AndroidManifest.xml:38:15-52
55            <!--
56                 Displays an Android View that continues showing the launch screen
57                 Drawable until Flutter paints its first frame, then this splash
58                 screen fades out. A splash screen is useful to avoid any visual
59                 gap between the end of Android's launch screen and the painting of
60                 Flutter's first frame.
61            -->
62            <meta-data
62-->src/main/AndroidManifest.xml:45:13-48:17
63                android:name="io.flutter.embedding.android.SplashScreenDrawable"
63-->src/main/AndroidManifest.xml:46:15-79
64                android:resource="@drawable/launch_background" />
64-->src/main/AndroidManifest.xml:47:15-61
65
66            <intent-filter>
66-->src/main/AndroidManifest.xml:49:13-52:29
67                <action android:name="android.intent.action.MAIN" />
67-->src/main/AndroidManifest.xml:50:17-68
67-->src/main/AndroidManifest.xml:50:25-66
68
69                <category android:name="android.intent.category.LAUNCHER" />
69-->src/main/AndroidManifest.xml:51:17-76
69-->src/main/AndroidManifest.xml:51:27-74
70            </intent-filter>
71
72            <!-- Deep Links -->
73            <intent-filter>
73-->src/main/AndroidManifest.xml:55:13-61:29
74                <action android:name="android.intent.action.VIEW" />
74-->src/main/AndroidManifest.xml:56:17-69
74-->src/main/AndroidManifest.xml:56:25-66
75
76                <category android:name="android.intent.category.DEFAULT" />
76-->src/main/AndroidManifest.xml:57:17-76
76-->src/main/AndroidManifest.xml:57:27-73
77                <category android:name="android.intent.category.BROWSABLE" />
77-->src/main/AndroidManifest.xml:58:17-78
77-->src/main/AndroidManifest.xml:58:27-75
78                <!-- Accepts URIs that begin with YOUR_SCHEME:// -->
79                <data android:scheme="bbb-app" />
79-->src/main/AndroidManifest.xml:60:17-50
79-->src/main/AndroidManifest.xml:60:23-47
80            </intent-filter>
81        </activity>
82
83        <service android:name="com.pravera.flutter_foreground_task.service.ForegroundService" />
83-->src/main/AndroidManifest.xml:64:9-97
83-->src/main/AndroidManifest.xml:64:18-94
84        <!--
85             Don't delete the meta-data below.
86             This is used by the Flutter tool to generate GeneratedPluginRegistrant.java
87        -->
88        <meta-data
88-->src/main/AndroidManifest.xml:67:9-69:33
89            android:name="flutterEmbedding"
89-->src/main/AndroidManifest.xml:68:13-44
90            android:value="2" />
90-->src/main/AndroidManifest.xml:69:13-30
91
92        <receiver
92-->[:flutter_foreground_task] AndroidManifest.xml:8:9-15:20
93            android:name="com.pravera.flutter_foreground_task.service.BootReceiver"
93-->[:flutter_foreground_task] AndroidManifest.xml:9:13-84
94            android:enabled="true"
94-->[:flutter_foreground_task] AndroidManifest.xml:10:13-35
95            android:exported="true" >
95-->[:flutter_foreground_task] AndroidManifest.xml:11:13-36
96            <intent-filter>
96-->[:flutter_foreground_task] AndroidManifest.xml:12:13-14:29
97                <action android:name="android.intent.action.BOOT_COMPLETED" />
97-->[:flutter_foreground_task] AndroidManifest.xml:13:17-79
97-->[:flutter_foreground_task] AndroidManifest.xml:13:25-76
98            </intent-filter>
99        </receiver>
100        <receiver
100-->[:flutter_foreground_task] AndroidManifest.xml:16:9-19:40
101            android:name="com.pravera.flutter_foreground_task.service.RestartReceiver"
101-->[:flutter_foreground_task] AndroidManifest.xml:17:13-87
102            android:enabled="true"
102-->[:flutter_foreground_task] AndroidManifest.xml:18:13-35
103            android:exported="false" />
103-->[:flutter_foreground_task] AndroidManifest.xml:19:13-37
104
105        <activity
105-->[:url_launcher_android] AndroidManifest.xml:8:9-11:74
106            android:name="io.flutter.plugins.urllauncher.WebViewActivity"
106-->[:url_launcher_android] AndroidManifest.xml:9:13-74
107            android:exported="false"
107-->[:url_launcher_android] AndroidManifest.xml:10:13-37
108            android:theme="@android:style/Theme.NoTitleBar.Fullscreen" />
108-->[:url_launcher_android] AndroidManifest.xml:11:13-71
109    </application>
110
111</manifest>